<?xml version="1.0" encoding="UTF-8"?>
<!-- Generated by org.testng.reporters.JUnitReportReporter -->
<testsuite hostname="DESKTOP-O3LI34K" name="studentApiTest.GetAPITests" tests="1" failures="0" timestamp="7 Feb 2021 07:11:19 GMT" time="1.185" errors="0">
  <testcase name="getAPITest" time="1.185" classname="studentApiTest.GetAPITests"/>
</testsuite> <!-- studentApiTest.GetAPITests -->
