<?xml version="1.0" encoding="UTF-8"?>
<!-- Generated by org.testng.reporters.JUnitReportReporter -->
<testsuite hostname="DESKTOP-O3LI34K" name="baseTest.BaseTest" tests="1" failures="0" timestamp="6 Feb 2021 16:49:13 GMT" time="0.008" errors="0">
  <testcase name="testUtils" time="0.008" classname="baseTest.BaseTest"/>
</testsuite> <!-- baseTest.BaseTest -->
