<?xml version="1.0" encoding="UTF-8"?>
<!-- Generated by org.testng.reporters.JUnitReportReporter -->
<testsuite hostname="DESKTOP-O3LI34K" name="functionalTesting.GetRequestAutomation" tests="1" failures="0" timestamp="5 Feb 2021 14:23:16 GMT" time="20.080" errors="0">
  <testcase name="getRequestAutomation" time="20.080" classname="functionalTesting.GetRequestAutomation"/>
</testsuite> <!-- functionalTesting.GetRequestAutomation -->
