<?xml version="1.0" encoding="UTF-8"?>
<!-- Generated by org.testng.reporters.JUnitReportReporter -->
<testsuite hostname="DESKTOP-O3LI34K" name="studentApiTest.LoginTest" tests="1" failures="0" timestamp="7 Feb 2021 11:39:01 GMT" time="0.008" errors="0">
  <testcase name="loginTest" time="0.008" classname="studentApiTest.LoginTest"/>
</testsuite> <!-- studentApiTest.LoginTest -->
